#
# There is insufficient memory for the Java Runtime Environment to continue.
# Native memory allocation (malloc) failed to allocate 32744 bytes for ChunkPool::allocate
# Possible reasons:
#   The system is out of physical RAM or swap space
#   In 32 bit mode, the process size limit was hit
# Possible solutions:
#   Reduce memory load on the system
#   Increase physical memory or swap space
#   Check if swap backing store is full
#   Use 64 bit Java on a 64 bit OS
#   Decrease Java heap size (-Xmx/-Xms)
#   Decrease number of Java threads
#   Decrease Java thread stack sizes (-Xss)
#   Set larger code cache with -XX:ReservedCodeCacheSize=
# This output file may be truncated or incomplete.
#
#  Out of Memory Error (allocation.cpp:273), pid=4424, tid=13724
#
# JRE version: Java(TM) SE Runtime Environment (8.0_73-b02) (build 1.8.0_73-b02)
# Java VM: Java HotSpot(TM) 64-Bit Server VM (25.73-b02 mixed mode windows-amd64 compressed oops)
# Failed to write core dump. Minidumps are not enabled by default on client versions of Windows
#

---------------  T H R E A D  ---------------

Current thread (0x0000000016e45800):  JavaThread "C2 CompilerThread1" daemon [_thread_in_native, id=13724, stack(0x00000000171f0000,0x00000000172f0000)]

Stack: [0x00000000171f0000,0x00000000172f0000]
[error occurred during error reporting (printing stack bounds), id 0xc0000005]

Native frames: (J=compiled Java code, j=interpreted, Vv=VM code, C=native code)


Current CompileTask:
C2:   1779  664       4       com.android.dx.ssa.SsaBasicBlock::forEachInsn (37 bytes)


---------------  P R O C E S S  ---------------

Java Threads: ( => current thread )
  0x0000000016fa2000 JavaThread "pool-1-thread-4" [_thread_in_Java, id=8920, stack(0x00000000179f0000,0x0000000017af0000)]
  0x0000000016fbf800 JavaThread "pool-1-thread-3" [_thread_in_Java, id=13396, stack(0x00000000178f0000,0x00000000179f0000)]
  0x0000000016fbd800 JavaThread "pool-1-thread-2" [_thread_in_Java, id=10012, stack(0x00000000177f0000,0x00000000178f0000)]
  0x0000000016fbc800 JavaThread "pool-2-thread-1" [_thread_blocked, id=14804, stack(0x00000000176f0000,0x00000000177f0000)]
  0x0000000016fb9000 JavaThread "pool-1-thread-1" [_thread_in_vm, id=7224, stack(0x00000000175f0000,0x00000000176f0000)]
  0x0000000016e4b800 JavaThread "Service Thread" daemon [_thread_blocked, id=2488, stack(0x00000000173f0000,0x00000000174f0000)]
  0x0000000016e49000 JavaThread "C1 CompilerThread2" daemon [_thread_in_native, id=14828, stack(0x00000000172f0000,0x00000000173f0000)]
=>0x0000000016e45800 JavaThread "C2 CompilerThread1" daemon [_thread_in_native, id=13724, stack(0x00000000171f0000,0x00000000172f0000)]
  0x00000000157fb000 JavaThread "C2 CompilerThread0" daemon [_thread_in_vm, id=12484, stack(0x0000000016cf0000,0x0000000016df0000)]
  0x00000000157f9000 JavaThread "Attach Listener" daemon [_thread_blocked, id=8752, stack(0x0000000016bf0000,0x0000000016cf0000)]
  0x00000000157ae800 JavaThread "Signal Dispatcher" daemon [_thread_blocked, id=7656, stack(0x0000000016af0000,0x0000000016bf0000)]
  0x00000000030c0800 JavaThread "Finalizer" daemon [_thread_blocked, id=2940, stack(0x00000000169f0000,0x0000000016af0000)]
  0x00000000030bd800 JavaThread "Reference Handler" daemon [_thread_blocked, id=13260, stack(0x00000000168f0000,0x00000000169f0000)]
  0x0000000002fd1000 JavaThread "main" [_thread_in_Java, id=9996, stack(0x0000000002ac0000,0x0000000002bc0000)]

Other Threads:
  0x0000000015768000 VMThread [stack: 0x00000000167f0000,0x00000000168f0000] [id=14936]
  0x0000000016e5d800 WatcherThread [stack: 0x00000000174f0000,0x00000000175f0000] [id=7308]

VM state:not at safepoint (normal execution)

VM Mutex/Monitor currently owned by a thread: None

Heap:
 PSYoungGen      total 18944K, used 15428K [0x00000000eab00000, 0x00000000ec000000, 0x0000000100000000)
  eden space 16384K, 94% used [0x00000000eab00000,0x00000000eba11318,0x00000000ebb00000)
  from space 2560K, 0% used [0x00000000ebd80000,0x00000000ebd80000,0x00000000ec000000)
  to   space 2560K, 0% used [0x00000000ebb00000,0x00000000ebb00000,0x00000000ebd80000)
 ParOldGen       total 44032K, used 0K [0x00000000c0000000, 0x00000000c2b00000, 0x00000000eab00000)
  object space 44032K, 0% used [0x00000000c0000000,0x00000000c0000000,0x00000000c2b00000)
 Metaspace       used 5736K, capacity 6644K, committed 6784K, reserved 1056768K
  class space    used 599K, capacity 620K, committed 640K, reserved 1048576K

Card table byte_map: [0x0000000012490000,0x00000000126a0000] byte_map_base: 0x0000000011e90000

Marking Bits: (ParMarkBitMap*) 0x0000000070710600
 Begin Bits: [0x0000000012c00000, 0x0000000013c00000)
 End Bits:   [0x0000000013c00000, 0x0000000014c00000)

Polling page: 0x0000000000ff0000

CodeCache: size=245760Kb used=2827Kb max_used=2839Kb free=242932Kb
 bounds [0x00000000030d0000, 0x00000000033a0000, 0x00000000120d0000]
 total_blobs=989 nmethods=718 adapters=184
 compilation: enabled

Compilation events (10 events):
Event: 1.764 Thread 0x0000000016e49000 nmethod 716 0x0000000003392250 code [0x00000000033923c0, 0x0000000003392730]
Event: 1.765 Thread 0x0000000016e49000  717       3       com.android.dx.cf.code.ExecutionStack::pop (54 bytes)
Event: 1.765 Thread 0x0000000016e49000 nmethod 717 0x0000000003391650 code [0x0000000003391820, 0x0000000003391f38]
Event: 1.765 Thread 0x0000000016e49000  719   !   3       com.android.dx.cf.code.Ropper::processBlock (1101 bytes)
Event: 1.768 Thread 0x00000000157fb000  734   !   4       com.android.dx.util.IntList::<init> (37 bytes)
Event: 1.769 Thread 0x00000000157fb000 nmethod 734 0x0000000003391310 code [0x0000000003391460, 0x0000000003391598]
Event: 1.769 Thread 0x00000000157fb000  735       4       java.util.BitSet::<init> (56 bytes)
Event: 1.771 Thread 0x00000000157fb000 nmethod 735 0x0000000003390f90 code [0x00000000033910e0, 0x0000000003391238]
Event: 1.771 Thread 0x00000000157fb000  738   !   4       com.android.dx.rop.code.RegisterSpecSet::put (104 bytes)
Event: 1.775 Thread 0x00000000157fb000 nmethod 738 0x00000000033951d0 code [0x0000000003395340, 0x00000000033955d8]

GC Heap History (0 events):
No events

Deoptimization events (6 events):
Event: 1.667 Thread 0x0000000016fb9000 Uncommon trap: reason=unstable_if action=reinterpret pc=0x00000000032f911c method=java.util.HashMap.getNode(ILjava/lang/Object;)Ljava/util/HashMap$Node; @ 129
Event: 1.699 Thread 0x0000000016fb9000 Uncommon trap: reason=unstable_if action=reinterpret pc=0x00000000032f82b0 method=java.util.BitSet.nextSetBit(I)I @ 87
Event: 1.749 Thread 0x0000000016fbf800 Uncommon trap: reason=class_check action=maybe_recompile pc=0x0000000003322df0 method=com.android.dx.ssa.NormalSsaInsn.accept(Lcom/android/dx/ssa/SsaInsn$Visitor;)V @ 9
Event: 1.749 Thread 0x0000000016fbf800 Uncommon trap: reason=class_check action=maybe_recompile pc=0x0000000003322df0 method=com.android.dx.ssa.NormalSsaInsn.accept(Lcom/android/dx/ssa/SsaInsn$Visitor;)V @ 9
Event: 1.749 Thread 0x0000000016fbf800 Uncommon trap: reason=class_check action=maybe_recompile pc=0x0000000003322df0 method=com.android.dx.ssa.NormalSsaInsn.accept(Lcom/android/dx/ssa/SsaInsn$Visitor;)V @ 9
Event: 1.749 Thread 0x0000000016fbf800 Uncommon trap: reason=class_check action=maybe_recompile pc=0x0000000003322df0 method=com.android.dx.ssa.NormalSsaInsn.accept(Lcom/android/dx/ssa/SsaInsn$Visitor;)V @ 9

Internal exceptions (2 events):
Event: 0.235 Thread 0x0000000002fd1000 Exception <a 'java/lang/NoSuchMethodError': Method sun.misc.Unsafe.defineClass(Ljava/lang/String;[BII)Ljava/lang/Class; name or signature does not match> (0x00000000eab130b0) thrown at [D:\re\puppet\workspace\8-2-build-windows-amd64-cygwin\jdk8u73\6086\hotæxiÃÎ?
Event: 0.235 Thread 0x0000000002fd1000 Exception <a 'java/lang/NoSuchMethodError': Method sun.misc.Unsafe.prefetchRead(Ljava/lang/Object;J)V name or signature does not match> (0x00000000eab13398) thrown at [D:\re\puppet\workspace\8-2-build-windows-amd64-cygwin\jdk8u73\6086\hotspot\src\share\vm\

Events (10 events):
Event: 1.749 Thread 0x0000000016fbf800 DEOPT UNPACKING pc=0x000000000311582a sp=0x00000000179ee880 mode 2
Event: 1.749 Thread 0x0000000016fbf800 Uncommon trap: trap_request=0xffffffde fr.pc=0x0000000003322df0
Event: 1.749 Thread 0x0000000016fbf800 DEOPT PACKING pc=0x0000000003322df0 sp=0x00000000179ee8f0
Event: 1.749 Thread 0x0000000016fbf800 DEOPT UNPACKING pc=0x000000000311582a sp=0x00000000179ee880 mode 2
Event: 1.749 Thread 0x0000000016fbf800 Uncommon trap: trap_request=0xffffffde fr.pc=0x0000000003322df0
Event: 1.749 Thread 0x0000000016fbf800 DEOPT PACKING pc=0x0000000003322df0 sp=0x00000000179ee8f0
Event: 1.749 Thread 0x0000000016fbf800 DEOPT UNPACKING pc=0x000000000311582a sp=0x00000000179ee880 mode 2
Event: 1.749 Thread 0x0000000016fbf800 Uncommon trap: trap_request=0xffffffde fr.pc=0x0000000003322df0
Event: 1.749 Thread 0x0000000016fbf800 DEOPT PACKING pc=0x0000000003322df0 sp=0x00000000179ee8f0
Event: 1.749 Thread 0x0000000016fbf800 DEOPT UNPACKING pc=0x000000000311582a sp=0x00000000179ee880 mode 2


Dynamic libraries:
0x00007ff65eee0000 - 0x00007ff65ef17000 	C:\Program Files\Java\jdk1.8.0_73\bin\java.exe
0x00007ff912bc0000 - 0x00007ff912d91000 	C:\WINDOWS\SYSTEM32\ntdll.dll
0x00007ff911b80000 - 0x00007ff911c2b000 	C:\WINDOWS\System32\KERNEL32.DLL
0x00007ff90ff30000 - 0x00007ff91014d000 	C:\WINDOWS\System32\KERNELBASE.dll
0x00007ff911f40000 - 0x00007ff911fe2000 	C:\WINDOWS\System32\ADVAPI32.dll
0x00007ff9119f0000 - 0x00007ff911a8e000 	C:\WINDOWS\System32\msvcrt.dll
0x00007ff912010000 - 0x00007ff912069000 	C:\WINDOWS\System32\sechost.dll
0x00007ff9118c0000 - 0x00007ff9119e1000 	C:\WINDOWS\System32\RPCRT4.dll
0x00007ff9129d0000 - 0x00007ff912b35000 	C:\WINDOWS\System32\USER32.dll
0x00007ff90f2c0000 - 0x00007ff90f2de000 	C:\WINDOWS\System32\win32u.dll
0x00007ff910150000 - 0x00007ff910184000 	C:\WINDOWS\System32\GDI32.dll
0x00007ff90f6c0000 - 0x00007ff90f842000 	C:\WINDOWS\System32\gdi32full.dll
0x00007ff903a00000 - 0x00007ff903c79000 	C:\WINDOWS\WinSxS\amd64_microsoft.windows.common-controls_6595b64144ccf1df_6.0.14393.447_none_42191651c6827bb3\COMCTL32.dll
0x00007ff912700000 - 0x00007ff9129c8000 	C:\WINDOWS\System32\combase.dll
0x00007ff90f160000 - 0x00007ff90f255000 	C:\WINDOWS\System32\ucrtbase.dll
0x00007ff90f650000 - 0x00007ff90f6ba000 	C:\WINDOWS\System32\bcryptPrimitives.dll
0x00007ff911a90000 - 0x00007ff911abe000 	C:\WINDOWS\System32\IMM32.DLL
0x000000006fab0000 - 0x000000006fb82000 	C:\Program Files\Java\jdk1.8.0_73\jre\bin\msvcr100.dll
0x000000006ff00000 - 0x0000000070790000 	C:\Program Files\Java\jdk1.8.0_73\jre\bin\server\jvm.dll
0x00007ff9103a0000 - 0x00007ff9103a8000 	C:\WINDOWS\System32\PSAPI.DLL
0x00007ff90b1d0000 - 0x00007ff90b1d9000 	C:\WINDOWS\SYSTEM32\WSOCK32.dll
0x00007ff912b50000 - 0x00007ff912bba000 	C:\WINDOWS\System32\WS2_32.dll
0x00007ff90cf40000 - 0x00007ff90cf63000 	C:\WINDOWS\SYSTEM32\WINMM.dll
0x00007ff9038c0000 - 0x00007ff9038ca000 	C:\WINDOWS\SYSTEM32\VERSION.dll
0x00007ff90cf10000 - 0x00007ff90cf3b000 	C:\WINDOWS\SYSTEM32\WINMMBASE.dll
0x00007ff90f430000 - 0x00007ff90f472000 	C:\WINDOWS\System32\cfgmgr32.dll
0x00000000707d0000 - 0x00000000707df000 	C:\Program Files\Java\jdk1.8.0_73\jre\bin\verify.dll
0x000000006fed0000 - 0x000000006fef9000 	C:\Program Files\Java\jdk1.8.0_73\jre\bin\java.dll
0x00000000707b0000 - 0x00000000707c6000 	C:\Program Files\Java\jdk1.8.0_73\jre\bin\zip.dll
0x00007ff9103b0000 - 0x00007ff9118b9000 	C:\WINDOWS\System32\SHELL32.dll
0x00007ff90f850000 - 0x00007ff90ff2a000 	C:\WINDOWS\System32\windows.storage.dll
0x00007ff90f030000 - 0x00007ff90f07c000 	C:\WINDOWS\System32\powrprof.dll
0x00007ff911b20000 - 0x00007ff911b72000 	C:\WINDOWS\System32\shlwapi.dll
0x00007ff90f080000 - 0x00007ff90f08f000 	C:\WINDOWS\System32\kernel.appcore.dll
0x00007ff90f2e0000 - 0x00007ff90f389000 	C:\WINDOWS\System32\shcore.dll
0x00007ff90f090000 - 0x00007ff90f0a4000 	C:\WINDOWS\System32\profapi.dll

VM Arguments:
jvm_args: -Djava.awt.headless=true -Xmx1024M -Dfile.encoding=x-windows-949 -Duser.country=KR -Duser.language=ko -Duser.variant 
java_command: com.android.dx.command.Main --dex --num-threads=4 --output C:\DDoMi\AndroidStudioProjects\Smile\app\build\intermediates\pre-dexed\debug\gson-2.3.1_8cdbb720f25c3e220a1a5d54fd84491887392493.jar C:\Users\¶Ç¹Ì\.gradle\caches\modules-2\files-2.1\com.google.code.gson\gson\2.3.1\ecb6e1f8e4b0e84c4b886c2f14a1500caf309757\gson-2.3.1.jar
java_class_path (initial): C:\DDoMi\build-tools\24.0.1\lib\dx.jar
Launcher Type: SUN_STANDARD

Environment Variables:
JAVA_HOME=C:\Program Files\Java\jdk1.8.0_73
CLASSPATH=%classpath
PATH=C:\runtime\win64;C:\ProgramData\Oracle\Java\javapath;C:\Program Files (x86)\Intel\iCLS Client\;C:\Program Files\Intel\iCLS Client\;C:\WINDOWS\system32;C:\WINDOWS;C:\WINDOWS\System32\Wbem;C:\WINDOWS\System32\WindowsPowerShell\v1.0\;C:\Program Files\Samsung\SamsungLink\AllShare Framework DMS\bin\;C:\Program Files (x86)\Windows Kits\8.1\Windows Performance Toolkit\;C:\Program Files\Java\jdk1.8.0_73\bin;C:\Program Files (x86)\Java\jdk1.8.0_73\bin;C:\Program Files (x86)\Intel\Intel(R) Management Engine Components\DAL;C:\Program Files\Intel\Intel(R) Management Engine Components\DAL;C:\Program Files (x86)\Intel\Intel(R) Management Engine Components\IPT;C:\Program Files\Intel\Intel(R) Management Engine Components\IPT;C:\Program Files\doxygen\bin;C:\Apache24\bin;C:\mysql-5.7.12-winx64\bin;C:\SonarQube\sonar-runner\bin;C:\opencv\build\x64\vc12\bin;C:\bin;C:\Program Files (x86)\Windows Live\Shared;C:\Program Files\Bandizip\7z;%USERPROFILE%\AppData\Local\Microsoft\WindowsApps;
USERNAME=¶Ç¹Ì
OS=Windows_NT
PROCESSOR_IDENTIFIER=Intel64 Family 6 Model 78 Stepping 3, GenuineIntel



---------------  S Y S T E M  ---------------

OS: Windows 10.0 , 64 bit Build 14393 (10.0.14393.0)

CPU:total 4 (2 cores per cpu, 2 threads per core) family 6 model 78 stepping 3, cmov, cx8, fxsr, mmx, sse, sse2, sse3, ssse3, sse4.1, sse4.2, popcnt, avx, avx2, aes, clmul, erms, rtm, 3dnowpref, lzcnt, ht, tsc, tscinvbit, bmi1, bmi2, adx

Memory: 4k page, physical 4110368k(479544k free), swap 7195680k(3144k free)

vm_info: Java HotSpot(TM) 64-Bit Server VM (25.73-b02) for windows-amd64 JRE (1.8.0_73-b02), built on Jan 29 2016 17:38:49 by "java_re" with MS VC++ 10.0 (VS2010)

time: Mon Jan 30 15:49:13 2017
elapsed time: 1 seconds (0d 0h 0m 1s)

